<?xml version="1.0" encoding="UTF-8"?>
<testng-results ignored="0" total="1" passed="1" failed="0" skipped="0">
  <reporter-output>
  </reporter-output>
  <suite started-at="2020-08-03T21:58:47 IST" name="Default suite" finished-at="2020-08-03T21:58:47 IST" duration-ms="39">
    <groups>
    </groups>
    <test started-at="2020-08-03T21:58:47 IST" name="Default test" finished-at="2020-08-03T21:58:47 IST" duration-ms="39">
      <class name="Job.Qawork.Firsttestcase">
        <test-method signature="man()[pri:0, instance:Job.Qawork.Firsttestcase@1649b0e6]" started-at="2020-08-03T21:58:47 IST" name="man" finished-at="2020-08-03T21:58:47 IST" duration-ms="7" status="PASS">
          <reporter-output>
          </reporter-output>
        </test-method> <!-- man -->
      </class> <!-- Job.Qawork.Firsttestcase -->
    </test> <!-- Default test -->
  </suite> <!-- Default suite -->
</testng-results>
